<?xml version="1.0" encoding="UTF-8"?>
<testng-results ignored="0" total="1" passed="1" failed="0" skipped="0">
  <reporter-output>
  </reporter-output>
  <suite started-at="2022-06-30T16:19:06 IST" name="Default suite" finished-at="2022-06-30T16:20:44 IST" duration-ms="97342">
    <groups>
    </groups>
    <test started-at="2022-06-30T16:19:06 IST" name="Default test" finished-at="2022-06-30T16:20:44 IST" duration-ms="97342">
      <class name="javaTest.LoginTestClass">
        <test-method is-config="true" signature="setUp()[pri:0, instance:javaTest.LoginTestClass@4c60d6e9]" started-at="2022-06-30T16:19:07 IST" name="setUp" finished-at="2022-06-30T16:19:26 IST" duration-ms="18484" status="PASS">
          <reporter-output>
          </reporter-output>
        </test-method> <!-- setUp -->
        <test-method signature="Login()[pri:1, instance:javaTest.LoginTestClass@4c60d6e9]" started-at="2022-06-30T16:19:26 IST" name="Login" finished-at="2022-06-30T16:20:43 IST" duration-ms="77267" status="PASS">
          <reporter-output>
          </reporter-output>
        </test-method> <!-- Login -->
        <test-method is-config="true" signature="tearDown()[pri:0, instance:javaTest.LoginTestClass@4c60d6e9]" started-at="2022-06-30T16:20:43 IST" name="tearDown" finished-at="2022-06-30T16:20:44 IST" duration-ms="418" status="PASS">
          <reporter-output>
          </reporter-output>
        </test-method> <!-- tearDown -->
      </class> <!-- javaTest.LoginTestClass -->
    </test> <!-- Default test -->
  </suite> <!-- Default suite -->
</testng-results>
